<?xml version="1.0" encoding="UTF-8"?>
<testsuite name="com.haytam.calculatrice.CalculatriceApplicationTests" tests="1" skipped="0" failures="0" errors="0" timestamp="2024-11-05T15:53:54" hostname="abdelbasset-virtual-machine" time="4.141">
  <properties/>
  <testcase name="contextLoads()" classname="com.haytam.calculatrice.CalculatriceApplicationTests" time="4.141"/>
  <system-out><![CDATA[16:53:43.623 [Test worker] INFO org.springframework.test.context.support.AnnotationConfigContextLoaderUtils -- Could not detect default configuration classes for test class [com.haytam.calculatrice.CalculatriceApplicationTests]: CalculatriceApplicationTests does not declare any static, non-private, non-final, nested classes annotated with @Configuration.
16:53:44.683 [Test worker] INFO org.springframework.boot.test.context.SpringBootTestContextBootstrapper -- Found @SpringBootConfiguration com.haytam.calculatrice.CalculatriceApplication for test class com.haytam.calculatrice.CalculatriceApplicationTests

  .   ____          _            __ _ _
 /\\ / ___'_ __ _ _(_)_ __  __ _ \ \ \ \
( ( )\___ | '_ | '_| | '_ \/ _` | \ \ \ \
 \\/  ___)| |_)| | | | | || (_| |  ) ) ) )
  '  |____| .__|_| |_|_| |_\__, | / / / /
 =========|_|==============|___/=/_/_/_/

 :: Spring Boot ::                (v3.3.4)

2024-11-05T16:53:47.310+01:00  INFO 34317 --- [calculatrice] [    Test worker] c.h.c.CalculatriceApplicationTests       : Starting CalculatriceApplicationTests using Java 17.0.12 with PID 34317 (started by abdelbasset in /home/abdelbasset/calculatrice)
2024-11-05T16:53:47.317+01:00  INFO 34317 --- [calculatrice] [    Test worker] c.h.c.CalculatriceApplicationTests       : No active profile set, falling back to 1 default profile: "default"
2024-11-05T16:53:54.291+01:00  INFO 34317 --- [calculatrice] [    Test worker] c.h.c.CalculatriceApplicationTests       : Started CalculatriceApplicationTests in 8.532 seconds (process running for 18.245)
]]></system-out>
  <system-err><![CDATA[]]></system-err>
</testsuite>
