<?xml version="1.0" encoding="UTF-8"?>
<testsuite name="com.haytam.calculatrice.CalculatriceTest" tests="1" skipped="0" failures="0" errors="0" timestamp="2024-11-05T15:53:58" hostname="abdelbasset-virtual-machine" time="0.017">
  <properties/>
  <testcase name="testSum()" classname="com.haytam.calculatrice.CalculatriceTest" time="0.017"/>
  <system-out><![CDATA[]]></system-out>
  <system-err><![CDATA[]]></system-err>
</testsuite>
